[debug] [2021-08-16T17:46:03.115Z] ----------------------------------------------------------------------
[debug] [2021-08-16T17:46:03.116Z] Command:       C:\Program Files\nodejs\node.exe C:\Users\Chandrika\AppData\Roaming\npm\node_modules\firebase-tools\lib\bin\firebase.js init
[debug] [2021-08-16T17:46:03.117Z] CLI Version:   9.16.5
[debug] [2021-08-16T17:46:03.117Z] Platform:      win32
[debug] [2021-08-16T17:46:03.117Z] Node Version:  v14.17.1
[debug] [2021-08-16T17:46:03.118Z] Time:          Mon Aug 16 2021 23:16:03 GMT+0530 (India Standard Time)
[debug] [2021-08-16T17:46:03.118Z] ----------------------------------------------------------------------
[debug] 
[debug] [2021-08-16T17:46:03.124Z] > command requires scopes: ["email","openid","https://www.googleapis.com/auth/cloudplatformprojects.readonly","https://www.googleapis.com/auth/firebase","https://www.googleapis.com/auth/cloud-platform"]
[debug] [2021-08-16T17:46:03.124Z] > authorizing via signed-in user (hingudharmik4@gmail.com)
[info] 
     ######## #### ########  ######## ########     ###     ######  ########
     ##        ##  ##     ## ##       ##     ##  ##   ##  ##       ##
     ######    ##  ########  ######   ########  #########  ######  ######
     ##        ##  ##    ##  ##       ##     ## ##     ##       ## ##
     ##       #### ##     ## ######## ########  ##     ##  ######  ########

You're about to initialize a Firebase project in this directory:

  D:\Web Development\React\notes-react-firebase-v1

[info] 
=== Project Setup
[info] 
[info] First, let's associate this project directory with a Firebase project.
[info] You can create multiple project aliases by running firebase use --add, 
[info] but for now we'll just set up a default project.
[info] 
[debug] [2021-08-16T17:47:51.320Z] >>> [apiv2][query] GET https://firebase.googleapis.com/v1beta1/projects pageSize=100
[debug] [2021-08-16T17:47:51.975Z] <<< [apiv2][status] GET https://firebase.googleapis.com/v1beta1/projects 200
[debug] [2021-08-16T17:47:51.975Z] <<< [apiv2][body] GET https://firebase.googleapis.com/v1beta1/projects [omitted]
[info] i  Using project notes-react-firebase-v1 (notes-react-firebase-v1) 
[info] 
=== Hosting Setup
[info] 
[info] Your public directory is the folder (relative to your project directory) that
[info] will contain Hosting assets to be uploaded with firebase deploy. If you
[info] have a build process for your assets, use your build's output directory.
[info] 
[debug] [2021-08-16T17:50:11.608Z] ----------------------------------------------------------------------
[debug] [2021-08-16T17:50:11.610Z] Command:       C:\Program Files\nodejs\node.exe C:\Users\Chandrika\AppData\Roaming\npm\node_modules\firebase-tools\lib\bin\firebase.js init
[debug] [2021-08-16T17:50:11.610Z] CLI Version:   9.16.5
[debug] [2021-08-16T17:50:11.610Z] Platform:      win32
[debug] [2021-08-16T17:50:11.610Z] Node Version:  v14.17.1
[debug] [2021-08-16T17:50:11.611Z] Time:          Mon Aug 16 2021 23:20:11 GMT+0530 (India Standard Time)
[debug] [2021-08-16T17:50:11.611Z] ----------------------------------------------------------------------
[debug] 
[debug] [2021-08-16T17:50:11.617Z] > command requires scopes: ["email","openid","https://www.googleapis.com/auth/cloudplatformprojects.readonly","https://www.googleapis.com/auth/firebase","https://www.googleapis.com/auth/cloud-platform"]
[debug] [2021-08-16T17:50:11.618Z] > authorizing via signed-in user (hingudharmik4@gmail.com)
[info] 
     ######## #### ########  ######## ########     ###     ######  ########
     ##        ##  ##     ## ##       ##     ##  ##   ##  ##       ##
     ######    ##  ########  ######   ########  #########  ######  ######
     ##        ##  ##    ##  ##       ##     ## ##     ##       ## ##
     ##       #### ##     ## ######## ########  ##     ##  ######  ########

You're about to initialize a Firebase project in this directory:

  D:\Web Development\React\notes-react-firebase-v2

[info] 
=== Project Setup
[info] 
[info] First, let's associate this project directory with a Firebase project.
[info] You can create multiple project aliases by running firebase use --add, 
[info] but for now we'll just set up a default project.
[info] 
[debug] [2021-08-16T17:50:18.511Z] >>> [apiv2][query] GET https://firebase.googleapis.com/v1beta1/projects pageSize=100
[debug] [2021-08-16T17:50:19.023Z] <<< [apiv2][status] GET https://firebase.googleapis.com/v1beta1/projects 200
[debug] [2021-08-16T17:50:19.023Z] <<< [apiv2][body] GET https://firebase.googleapis.com/v1beta1/projects [omitted]
